{"ts":1685736841424,"action":"FILE_OPENED","file":"/build.gradle","tags":{"FILE_LINE_OF_CODE":"19"}}
{"ts":1685736840708,"action":"PROJECT_OPENED","tags":{"PROJECT_NAME":"CoinsAPI"}}
{"ts":1685736863560,"action":"IDE_DEACTIVATED"}
{"ts":1685736893812,"action":"IDE_ACTIVATED"}
{"ts":1685736897137,"action":"IDE_DEACTIVATED"}
{"ts":1685736921351,"action":"IDE_ACTIVATED"}
{"ts":1685736932511,"action":"IDE_DEACTIVATED"}
{"ts":1685736935324,"action":"IDE_ACTIVATED"}
{"ts":1685736975400,"action":"IDE_DEACTIVATED"}
{"ts":1685736978026,"action":"IDE_ACTIVATED"}
{"ts":1685736980898,"action":"IDE_DEACTIVATED"}
{"ts":1685736984093,"action":"IDE_ACTIVATED"}
{"ts":1685737057700,"action":"IDE_DEACTIVATED"}
{"ts":1685737072615,"action":"IDE_ACTIVATED"}
{"ts":1685737083411,"action":"IDE_DEACTIVATED"}
{"ts":1685737097773,"action":"IDE_ACTIVATED"}
{"ts":1685737111068,"action":"IDE_DEACTIVATED"}
{"ts":1685737125407,"action":"IDE_ACTIVATED"}
{"ts":1685737197549,"action":"IDE_DEACTIVATED"}
{"ts":1685737201242,"action":"IDE_ACTIVATED"}
{"ts":1685737276721,"action":"IDE_DEACTIVATED"}
{"ts":1685737298936,"action":"IDE_ACTIVATED"}
{"ts":1685737328254,"action":"IDE_DEACTIVATED"}
{"ts":1685737330859,"action":"IDE_ACTIVATED"}
{"ts":1685737364727,"action":"IDE_DEACTIVATED"}
{"ts":1685737385345,"action":"IDE_ACTIVATED"}
{"ts":1685737388422,"action":"IDE_DEACTIVATED"}
{"ts":1685737388889,"action":"IDE_ACTIVATED"}
{"ts":1685737400458,"action":"FILE_CLOSED","file":"/build.gradle","tags":{"FILE_LINE_OF_CODE":"47"}}
{"ts":1685737400458,"action":"FILE_OPENED","file":"/gradle/wrapper/gradle-wrapper.properties","tags":{"FILE_LINE_OF_CODE":"6"}}
{"ts":1685737407941,"action":"IDE_DEACTIVATED"}
{"ts":1685737414782,"action":"IDE_ACTIVATED"}
{"ts":1685737418634,"action":"IDE_DEACTIVATED"}
{"ts":1685737435673,"action":"IDE_ACTIVATED"}
{"ts":1685737435943,"action":"FILE_CLOSED","file":"/gradle/wrapper/gradle-wrapper.properties","tags":{"FILE_LINE_OF_CODE":"6"}}
{"ts":1685737435943,"action":"FILE_OPENED","file":"/build.gradle","tags":{"FILE_LINE_OF_CODE":"47"}}
{"ts":1685737448933,"action":"IDE_DEACTIVATED"}
{"ts":1685737485037,"action":"IDE_ACTIVATED"}
{"ts":1685737504602,"action":"IDE_DEACTIVATED"}
{"ts":1685737521252,"action":"IDE_ACTIVATED"}
{"ts":1685737572045,"action":"FILE_CLOSED","file":"/build.gradle","tags":{"FILE_LINE_OF_CODE":"53"}}
{"ts":1685737572045,"action":"FILE_OPENED","file":"/api/build.gradle","tags":{"FILE_LINE_OF_CODE":"19"}}
{"ts":1685737645043,"action":"FILE_CLOSED","file":"/api/build.gradle","tags":{"FILE_LINE_OF_CODE":"15"}}
{"ts":1685737645043,"action":"FILE_OPENED","file":"/main/build.gradle","tags":{"FILE_LINE_OF_CODE":"19"}}
{"ts":1685737645915,"action":"FILE_CLOSED","file":"/main/build.gradle","tags":{"FILE_LINE_OF_CODE":"19"}}
{"ts":1685737645915,"action":"FILE_OPENED","file":"/api/build.gradle","tags":{"FILE_LINE_OF_CODE":"15"}}
{"ts":1685737680485,"action":"FILE_CLOSED","file":"/api/build.gradle","tags":{"FILE_LINE_OF_CODE":"15"}}
{"ts":1685737680485,"action":"FILE_OPENED","file":"/implementation/build.gradle","tags":{"FILE_LINE_OF_CODE":"19"}}
{"ts":1685737681162,"action":"FILE_CLOSED","file":"/implementation/build.gradle","tags":{"FILE_LINE_OF_CODE":"19"}}
{"ts":1685737681162,"action":"FILE_OPENED","file":"/api/build.gradle","tags":{"FILE_LINE_OF_CODE":"15"}}
{"ts":1685737687718,"action":"FILE_CLOSED","file":"/api/build.gradle","tags":{"FILE_LINE_OF_CODE":"15"}}
{"ts":1685737687718,"action":"FILE_OPENED","file":"/implementation/build.gradle","tags":{"FILE_LINE_OF_CODE":"19"}}
{"ts":1685737702788,"action":"FILE_CLOSED","file":"/implementation/build.gradle","tags":{"FILE_LINE_OF_CODE":"19"}}
{"ts":1685737702788,"action":"FILE_OPENED","file":"/build.gradle","tags":{"FILE_LINE_OF_CODE":"53"}}
{"ts":1685737705835,"action":"FILE_CLOSED","file":"/build.gradle","tags":{"FILE_LINE_OF_CODE":"53"}}
{"ts":1685737705835,"action":"FILE_OPENED","file":"/implementation/build.gradle","tags":{"FILE_LINE_OF_CODE":"19"}}
{"ts":1685737712640,"action":"FILE_CLOSED","file":"/implementation/build.gradle","tags":{"FILE_LINE_OF_CODE":"53"}}
{"ts":1685737712640,"action":"FILE_OPENED","file":"/api/build.gradle","tags":{"FILE_LINE_OF_CODE":"15"}}
{"ts":1685737752572,"action":"FILE_OPENED","file":"/build.gradle","tags":{"FILE_LINE_OF_CODE":"53"}}
{"ts":1685737786453,"action":"FILE_CLOSED","file":"/build.gradle","tags":{"FILE_LINE_OF_CODE":"53"}}
{"ts":1685737786453,"action":"FILE_OPENED","file":"/src/main/java/me/alex/coinsapi/implementation/CoinsAPI.java","tags":{"FILE_LINE_OF_CODE":"3"}}
{"ts":1685737863517,"action":"IDE_DEACTIVATED"}
{"ts":1685737890350,"action":"IDE_ACTIVATED"}
{"ts":1685738037254,"action":"IDE_DEACTIVATED"}
{"ts":1685738355701,"action":"IDE_ACTIVATED"}
{"ts":1685738384704,"action":"FILE_CLOSED","file":"/src/main/java/me/alex/coinsapi/implementation/CoinsAPI.java","tags":{"FILE_LINE_OF_CODE":"35"}}
{"ts":1685738384704,"action":"FILE_OPENED","file":"/src/main/java/me/alex/coinsapi/implementation/configuration/DefaultConfiguration.java","tags":{"FILE_LINE_OF_CODE":"3"}}
{"ts":1685738412089,"action":"IDE_DEACTIVATED"}
{"ts":1685738472048,"action":"IDE_ACTIVATED"}
{"ts":1685738499937,"action":"IDE_DEACTIVATED"}
{"ts":1685738551344,"action":"IDE_ACTIVATED"}
{"ts":1685738551581,"action":"FILE_CLOSED","file":"/src/main/java/me/alex/coinsapi/implementation/configuration/DefaultConfiguration.java","tags":{"FILE_LINE_OF_CODE":"5"}}
{"ts":1685738551581,"action":"FILE_OPENED","file":"/build.gradle","tags":{"FILE_LINE_OF_CODE":"53"}}
{"ts":1685738599644,"action":"IDE_DEACTIVATED"}
{"ts":1685738632456,"action":"IDE_ACTIVATED"}
{"ts":1685738640679,"action":"FILE_CLOSED","file":"/build.gradle","tags":{"FILE_LINE_OF_CODE":"50"}}
{"ts":1685738640679,"action":"FILE_OPENED","file":"/src/main/resources/config.yml","tags":{"FILE_LINE_OF_CODE":"0"}}
{"ts":1685738648376,"action":"FILE_CLOSED","file":"/src/main/resources/config.yml","tags":{"FILE_LINE_OF_CODE":"0"}}
{"ts":1685738648376,"action":"FILE_OPENED","file":"/src/main/java/me/alex/coinsapi/implementation/configuration/DefaultConfiguration.java","tags":{"FILE_LINE_OF_CODE":"5"}}
{"ts":1685738690712,"action":"IDE_DEACTIVATED"}
{"ts":1685738691417,"action":"IDE_ACTIVATED"}
{"ts":1685738712592,"action":"IDE_DEACTIVATED"}
{"ts":1685738726325,"action":"IDE_ACTIVATED"}
{"ts":1685738781980,"action":"FILE_CLOSED","file":"/src/main/java/me/alex/coinsapi/implementation/configuration/DefaultConfiguration.java","tags":{"FILE_LINE_OF_CODE":"17"}}
{"ts":1685738781980,"action":"FILE_OPENED","file":"/src/main/java/me/alex/coinsapi/implementation/CoinsAPI.java","tags":{"FILE_LINE_OF_CODE":"35"}}
{"ts":1685738784339,"action":"FILE_CLOSED","file":"/src/main/java/me/alex/coinsapi/implementation/CoinsAPI.java","tags":{"FILE_LINE_OF_CODE":"35"}}
{"ts":1685738808521,"action":"FILE_OPENED","file":"/src/main/java/me/alex/coinsapi/implementation/CoinsAPI.java","tags":{"FILE_LINE_OF_CODE":"35"}}
{"ts":1685738809770,"action":"IDE_DEACTIVATED"}
{"ts":1685738815337,"action":"IDE_ACTIVATED"}
{"ts":1685738816205,"action":"FILE_CLOSED","file":"/src/main/java/me/alex/coinsapi/implementation/CoinsAPI.java","tags":{"FILE_LINE_OF_CODE":"35"}}
{"ts":1685738816205,"action":"FILE_OPENED","file":"/src/main/java/me/alex/coinsapi/implementation/configuration/DefaultConfiguration.java","tags":{"FILE_LINE_OF_CODE":"17"}}
{"ts":1685738816890,"action":"FILE_CLOSED","file":"/src/main/java/me/alex/coinsapi/implementation/configuration/DefaultConfiguration.java","tags":{"FILE_LINE_OF_CODE":"17"}}
{"ts":1685738816890,"action":"FILE_OPENED","file":"/src/main/java/me/alex/coinsapi/implementation/CoinsAPI.java","tags":{"FILE_LINE_OF_CODE":"35"}}
{"ts":1685738838715,"action":"FILE_CLOSED","file":"/src/main/java/me/alex/coinsapi/implementation/CoinsAPI.java","tags":{"FILE_LINE_OF_CODE":"39"}}
{"ts":1685738838715,"action":"FILE_OPENED","file":"/build.gradle","tags":{"FILE_LINE_OF_CODE":"50"}}
{"ts":1685738856975,"action":"IDE_DEACTIVATED"}
{"ts":1685738868824,"action":"IDE_ACTIVATED"}
{"ts":1685738883005,"action":"IDE_DEACTIVATED"}
{"ts":1685738896621,"action":"IDE_ACTIVATED"}
{"ts":1685738896970,"action":"FILE_CLOSED","file":"/build.gradle","tags":{"FILE_LINE_OF_CODE":"53"}}
{"ts":1685738896970,"action":"FILE_OPENED","file":"/src/main/java/me/alex/coinsapi/implementation/CoinsAPI.java","tags":{"FILE_LINE_OF_CODE":"39"}}
{"ts":1685738905739,"action":"FILE_CLOSED","file":"/src/main/java/me/alex/coinsapi/implementation/CoinsAPI.java","tags":{"FILE_LINE_OF_CODE":"41"}}
{"ts":1685738905739,"action":"FILE_OPENED","file":"/src/main/java/me/alex/coinsapi/implementation/configuration/DefaultConfiguration.java","tags":{"FILE_LINE_OF_CODE":"17"}}
{"ts":1685738962816,"action":"IDE_DEACTIVATED"}
{"ts":1685738972510,"action":"IDE_ACTIVATED"}
{"ts":1685739233661,"action":"IDE_DEACTIVATED"}
{"ts":1685739238867,"action":"IDE_ACTIVATED"}
{"ts":1685739308621,"action":"FILE_CLOSED","file":"/src/main/java/me/alex/coinsapi/implementation/configuration/DefaultConfiguration.java","tags":{"FILE_LINE_OF_CODE":"43"}}
{"ts":1685739319096,"action":"FILE_OPENED","file":"/src/main/java/me/alex/coinsapi/implementation/configuration/DefaultConfiguration.java","tags":{"FILE_LINE_OF_CODE":"43"}}
{"ts":1685739345024,"action":"FILE_CLOSED","file":"/src/main/java/me/alex/coinsapi/implementation/configuration/DefaultConfiguration.java","tags":{"FILE_LINE_OF_CODE":"45"}}
{"ts":1685739363790,"action":"IDE_DEACTIVATED"}
{"ts":1685739384110,"action":"IDE_ACTIVATED"}
{"ts":1685739387190,"action":"FILE_OPENED","file":"/src/main/java/me/alex/coinsapi/implementation/configuration/DefaultConfiguration.java","tags":{"FILE_LINE_OF_CODE":"45"}}
{"ts":1685739479772,"action":"IDE_DEACTIVATED"}
{"ts":1685739734528,"action":"IDE_ACTIVATED"}
{"ts":1685739772715,"action":"IDE_DEACTIVATED"}
{"ts":1685739803373,"action":"IDE_ACTIVATED"}
{"ts":1685740460166,"action":"FILE_CLOSED","file":"/src/main/java/me/alex/coinsapi/implementation/configuration/DefaultConfiguration.java","tags":{"FILE_LINE_OF_CODE":"68"}}
{"ts":1685740460166,"action":"FILE_OPENED","file":"/src/main/java/me/alex/coinsapi/implementation/CoinsAPI.java","tags":{"FILE_LINE_OF_CODE":"41"}}
{"ts":1685740606380,"action":"FILE_CLOSED","file":"/src/main/java/me/alex/coinsapi/implementation/CoinsAPI.java","tags":{"FILE_LINE_OF_CODE":"49"}}
{"ts":1685740606380,"action":"FILE_OPENED","file":"/build.gradle","tags":{"FILE_LINE_OF_CODE":"53"}}
{"ts":1685740609677,"action":"IDE_DEACTIVATED"}
{"ts":1685740995775,"action":"IDE_ACTIVATED"}
{"ts":1685740997975,"action":"FILE_CLOSED","file":"/build.gradle","tags":{"FILE_LINE_OF_CODE":"53"}}
{"ts":1685740997975,"action":"FILE_OPENED","file":"/src/main/resources/config.yml","tags":{"FILE_LINE_OF_CODE":"0"}}
{"ts":1685741011938,"action":"IDE_DEACTIVATED"}
{"ts":1685741027327,"action":"IDE_ACTIVATED"}
{"ts":1685741071057,"action":"IDE_DEACTIVATED"}
{"ts":1685741132333,"action":"IDE_ACTIVATED"}
{"ts":1685741139924,"action":"FILE_CLOSED","file":"/src/main/resources/config.yml","tags":{"FILE_LINE_OF_CODE":"4"}}
{"ts":1685741139924,"action":"FILE_OPENED","file":"/src/main/java/me/alex/coinsapi/implementation/configuration/DefaultConfiguration.java","tags":{"FILE_LINE_OF_CODE":"68"}}
{"ts":1685741156064,"action":"FILE_CLOSED","file":"/src/main/java/me/alex/coinsapi/implementation/configuration/DefaultConfiguration.java","tags":{"FILE_LINE_OF_CODE":"68"}}
{"ts":1685741156064,"action":"FILE_OPENED","file":"/src/main/java/me/alex/coinsapi/implementation/CoinsAPI.java","tags":{"FILE_LINE_OF_CODE":"49"}}
{"ts":1685741207264,"action":"IDE_DEACTIVATED"}
{"ts":1685741212472,"action":"IDE_ACTIVATED"}
{"ts":1685741214144,"action":"IDE_DEACTIVATED"}
{"ts":1685741216774,"action":"IDE_ACTIVATED"}
{"ts":1685741248782,"action":"FILE_CLOSED","file":"/src/main/java/me/alex/coinsapi/implementation/CoinsAPI.java","tags":{"FILE_LINE_OF_CODE":"49"}}
{"ts":1685741248782,"action":"FILE_OPENED","file":"/src/main/java/me/alex/coinsapi/implementation/data/configuration/MongoDBImpl.java","tags":{"FILE_LINE_OF_CODE":"3"}}
{"ts":1685741279030,"action":"IDE_DEACTIVATED"}
{"ts":1685741284187,"action":"IDE_ACTIVATED"}
{"ts":1685741284452,"action":"FILE_CLOSED","file":"/src/main/java/me/alex/coinsapi/implementation/data/configuration/MongoDBImpl.java","tags":{"FILE_LINE_OF_CODE":"14"}}
{"ts":1685741284452,"action":"FILE_OPENED","file":"/build.gradle","tags":{"FILE_LINE_OF_CODE":"53"}}
{"ts":1685741501078,"action":"FILE_CLOSED","file":"/build.gradle","tags":{"FILE_LINE_OF_CODE":"56"}}
{"ts":1685741501079,"action":"FILE_OPENED","file":"/src/main/java/me/alex/coinsapi/implementation/data/configuration/MongoDBImpl.java","tags":{"FILE_LINE_OF_CODE":"14"}}
{"ts":1685741528600,"action":"FILE_CLOSED","file":"/src/main/java/me/alex/coinsapi/implementation/data/configuration/MongoDBImpl.java","tags":{"FILE_LINE_OF_CODE":"14"}}
{"ts":1685741528600,"action":"FILE_OPENED","file":"/src/main/java/me/alex/coinsapi/api/Database.java","tags":{"FILE_LINE_OF_CODE":"3"}}
{"ts":1685741544581,"action":"FILE_CLOSED","file":"/src/main/java/me/alex/coinsapi/api/Database.java","tags":{"FILE_LINE_OF_CODE":"5"}}
{"ts":1685741544581,"action":"FILE_OPENED","file":"/src/main/java/me/alex/coinsapi/api/CoinUser.java","tags":{"FILE_LINE_OF_CODE":"3"}}
{"ts":1685741586502,"action":"FILE_CLOSED","file":"/src/main/java/me/alex/coinsapi/api/CoinUser.java","tags":{"FILE_LINE_OF_CODE":"11"}}
{"ts":1685741622729,"action":"FILE_OPENED","file":"/src/main/java/me/alex/coinsapi/api/CoinUser.java","tags":{"FILE_LINE_OF_CODE":"11"}}
{"ts":1685741843377,"action":"FILE_CLOSED","file":"/src/main/java/me/alex/coinsapi/api/CoinUser.java","tags":{"FILE_LINE_OF_CODE":"14"}}
{"ts":1685741843377,"action":"FILE_OPENED","file":"/src/main/java/me/alex/coinsapi/implementation/data/configuration/UserImpl.java","tags":{"FILE_LINE_OF_CODE":"3"}}
{"ts":1685741912704,"action":"FILE_CLOSED","file":"/src/main/java/me/alex/coinsapi/implementation/data/configuration/UserImpl.java","tags":{"FILE_LINE_OF_CODE":"40"}}
{"ts":1685741912704,"action":"FILE_OPENED","file":"/src/main/java/me/alex/coinsapi/api/CoinUser.java","tags":{"FILE_LINE_OF_CODE":"14"}}
{"ts":1685741921747,"action":"FILE_CLOSED","file":"/src/main/java/me/alex/coinsapi/api/CoinUser.java","tags":{"FILE_LINE_OF_CODE":"14"}}
{"ts":1685741921747,"action":"FILE_OPENED","file":"/src/main/java/me/alex/coinsapi/implementation/data/configuration/UserImpl.java","tags":{"FILE_LINE_OF_CODE":"40"}}
{"ts":1685741939961,"action":"IDE_DEACTIVATED"}
{"ts":1685741978522,"action":"IDE_ACTIVATED"}
{"ts":1685742034175,"action":"FILE_CLOSED","file":"/src/main/java/me/alex/coinsapi/implementation/data/UserImpl.java","tags":{"FILE_LINE_OF_CODE":"40"}}
{"ts":1685742034175,"action":"FILE_OPENED","file":"/src/main/java/me/alex/coinsapi/implementation/data/MongoDBImpl.java","tags":{"FILE_LINE_OF_CODE":"14"}}
{"ts":1685742037270,"action":"FILE_CLOSED","file":"/src/main/java/me/alex/coinsapi/implementation/data/MongoDBImpl.java","tags":{"FILE_LINE_OF_CODE":"14"}}
{"ts":1685742037270,"action":"FILE_OPENED","file":"/src/main/java/me/alex/coinsapi/api/Database.java","tags":{"FILE_LINE_OF_CODE":"5"}}
{"ts":1685742144101,"action":"FILE_CLOSED","file":"/src/main/java/me/alex/coinsapi/api/Database.java","tags":{"FILE_LINE_OF_CODE":"19"}}
{"ts":1685742144101,"action":"FILE_OPENED","file":"/src/main/java/me/alex/coinsapi/implementation/CoinsAPI.java","tags":{"FILE_LINE_OF_CODE":"49"}}
{"ts":1685742145747,"action":"FILE_CLOSED","file":"/src/main/java/me/alex/coinsapi/implementation/CoinsAPI.java","tags":{"FILE_LINE_OF_CODE":"49"}}
{"ts":1685742145747,"action":"FILE_OPENED","file":"/src/main/java/me/alex/coinsapi/implementation/data/MongoDBImpl.java","tags":{"FILE_LINE_OF_CODE":"14"}}
{"ts":1685742161424,"action":"IDE_DEACTIVATED"}
{"ts":1685742179533,"action":"IDE_ACTIVATED"}
{"ts":1685742228120,"action":"FILE_CLOSED","file":"/src/main/java/me/alex/coinsapi/implementation/data/MongoDBImpl.java","tags":{"FILE_LINE_OF_CODE":"82"}}
{"ts":1685742244755,"action":"FILE_OPENED","file":"/src/main/java/me/alex/coinsapi/implementation/data/MongoDBImpl.java","tags":{"FILE_LINE_OF_CODE":"82"}}
{"ts":1685742355170,"action":"FILE_CLOSED","file":"/src/main/java/me/alex/coinsapi/implementation/data/MongoDBImpl.java","tags":{"FILE_LINE_OF_CODE":"83"}}
{"ts":1685742355170,"action":"FILE_OPENED","file":"/src/main/java/me/alex/coinsapi/implementation/utils/Bson.java","tags":{"FILE_LINE_OF_CODE":"3"}}
{"ts":1685742471271,"action":"FILE_CLOSED","file":"/src/main/java/me/alex/coinsapi/implementation/utils/BsonUtils.java","tags":{"FILE_LINE_OF_CODE":"15"}}
{"ts":1685742471271,"action":"FILE_OPENED","file":"/src/main/java/me/alex/coinsapi/api/CoinUser.java","tags":{"FILE_LINE_OF_CODE":"14"}}
{"ts":1685742499333,"action":"FILE_CLOSED","file":"/src/main/java/me/alex/coinsapi/api/CoinUser.java","tags":{"FILE_LINE_OF_CODE":"15"}}
{"ts":1685742499333,"action":"FILE_OPENED","file":"/src/main/java/me/alex/coinsapi/implementation/data/UserImpl.java","tags":{"FILE_LINE_OF_CODE":"40"}}
{"ts":1685742524554,"action":"FILE_CLOSED","file":"/src/main/java/me/alex/coinsapi/implementation/data/UserImpl.java","tags":{"FILE_LINE_OF_CODE":"50"}}
{"ts":1685742524554,"action":"FILE_OPENED","file":"/src/main/java/me/alex/coinsapi/implementation/CoinsAPI.java","tags":{"FILE_LINE_OF_CODE":"49"}}
{"ts":1685742527398,"action":"FILE_CLOSED","file":"/src/main/java/me/alex/coinsapi/implementation/CoinsAPI.java","tags":{"FILE_LINE_OF_CODE":"49"}}
{"ts":1685742527398,"action":"FILE_OPENED","file":"/src/main/java/me/alex/coinsapi/implementation/data/configuration/DefaultConfiguration.java","tags":{"FILE_LINE_OF_CODE":"68"}}
{"ts":1685742529360,"action":"FILE_CLOSED","file":"/src/main/java/me/alex/coinsapi/implementation/data/configuration/DefaultConfiguration.java","tags":{"FILE_LINE_OF_CODE":"68"}}
{"ts":1685742529360,"action":"FILE_OPENED","file":"/src/main/java/me/alex/coinsapi/implementation/data/MongoDBImpl.java","tags":{"FILE_LINE_OF_CODE":"83"}}
{"ts":1685742552124,"action":"FILE_CLOSED","file":"/src/main/java/me/alex/coinsapi/implementation/data/MongoDBImpl.java","tags":{"FILE_LINE_OF_CODE":"84"}}
{"ts":1685742552124,"action":"FILE_OPENED","file":"/src/main/java/me/alex/coinsapi/implementation/utils/BsonUtils.java","tags":{"FILE_LINE_OF_CODE":"15"}}
{"ts":1685742624387,"action":"FILE_CLOSED","file":"/src/main/java/me/alex/coinsapi/implementation/utils/BsonUtils.java","tags":{"FILE_LINE_OF_CODE":"21"}}
{"ts":1685742624387,"action":"FILE_OPENED","file":"/src/main/java/me/alex/coinsapi/implementation/data/UserImpl.java","tags":{"FILE_LINE_OF_CODE":"50"}}
{"ts":1685742631792,"action":"FILE_CLOSED","file":"/src/main/java/me/alex/coinsapi/implementation/data/UserImpl.java","tags":{"FILE_LINE_OF_CODE":"57"}}
{"ts":1685742631792,"action":"FILE_OPENED","file":"/src/main/java/me/alex/coinsapi/implementation/utils/BsonUtils.java","tags":{"FILE_LINE_OF_CODE":"21"}}
{"ts":1685742677546,"action":"FILE_CLOSED","file":"/src/main/java/me/alex/coinsapi/implementation/utils/BsonUtils.java","tags":{"FILE_LINE_OF_CODE":"27"}}
{"ts":1685742677546,"action":"FILE_OPENED","file":"/src/main/java/me/alex/coinsapi/implementation/data/UserImpl.java","tags":{"FILE_LINE_OF_CODE":"57"}}
{"ts":1685742678961,"action":"FILE_CLOSED","file":"/src/main/java/me/alex/coinsapi/implementation/data/UserImpl.java","tags":{"FILE_LINE_OF_CODE":"57"}}
{"ts":1685742678961,"action":"FILE_OPENED","file":"/src/main/java/me/alex/coinsapi/implementation/data/configuration/DefaultConfiguration.java","tags":{"FILE_LINE_OF_CODE":"68"}}
{"ts":1685742680191,"action":"FILE_CLOSED","file":"/src/main/java/me/alex/coinsapi/implementation/data/configuration/DefaultConfiguration.java","tags":{"FILE_LINE_OF_CODE":"68"}}
{"ts":1685742680191,"action":"FILE_OPENED","file":"/src/main/java/me/alex/coinsapi/implementation/data/MongoDBImpl.java","tags":{"FILE_LINE_OF_CODE":"84"}}
{"ts":1685742733124,"action":"FILE_CLOSED","file":"/src/main/java/me/alex/coinsapi/implementation/data/MongoDBImpl.java","tags":{"FILE_LINE_OF_CODE":"90"}}
{"ts":1685742733124,"action":"FILE_OPENED","file":"/src/main/java/me/alex/coinsapi/implementation/CoinsAPI.java","tags":{"FILE_LINE_OF_CODE":"49"}}
{"ts":1685742740785,"action":"FILE_CLOSED","file":"/src/main/java/me/alex/coinsapi/implementation/CoinsAPI.java","tags":{"FILE_LINE_OF_CODE":"51"}}
{"ts":1685742740785,"action":"FILE_OPENED","file":"/src/main/java/me/alex/coinsapi/implementation/data/MongoDBImpl.java","tags":{"FILE_LINE_OF_CODE":"90"}}
{"ts":1685742911881,"action":"FILE_CLOSED","file":"/src/main/java/me/alex/coinsapi/implementation/data/MongoDBImpl.java","tags":{"FILE_LINE_OF_CODE":"100"}}
{"ts":1685742911881,"action":"FILE_OPENED","file":"/src/main/java/me/alex/coinsapi/implementation/utils/BsonUtils.java","tags":{"FILE_LINE_OF_CODE":"27"}}
{"ts":1685742940389,"action":"FILE_CLOSED","file":"/src/main/java/me/alex/coinsapi/implementation/utils/BsonUtils.java","tags":{"FILE_LINE_OF_CODE":"34"}}
{"ts":1685742940389,"action":"FILE_OPENED","file":"/src/main/java/me/alex/coinsapi/implementation/data/MongoDBImpl.java","tags":{"FILE_LINE_OF_CODE":"100"}}
{"ts":1685743031388,"action":"FILE_CLOSED","file":"/src/main/java/me/alex/coinsapi/implementation/data/MongoDBImpl.java","tags":{"FILE_LINE_OF_CODE":"103"}}
{"ts":1685743031388,"action":"FILE_OPENED","file":"/src/main/java/me/alex/coinsapi/implementation/utils/BsonUtils.java","tags":{"FILE_LINE_OF_CODE":"34"}}
{"ts":1685743038490,"action":"FILE_CLOSED","file":"/src/main/java/me/alex/coinsapi/implementation/utils/BsonUtils.java","tags":{"FILE_LINE_OF_CODE":"34"}}
{"ts":1685743038490,"action":"FILE_OPENED","file":"/src/main/java/me/alex/coinsapi/implementation/data/MongoDBImpl.java","tags":{"FILE_LINE_OF_CODE":"103"}}
{"ts":1685743134769,"action":"FILE_CLOSED","file":"/src/main/java/me/alex/coinsapi/implementation/data/MongoDBImpl.java","tags":{"FILE_LINE_OF_CODE":"109"}}
{"ts":1685743138140,"action":"FILE_OPENED","file":"/src/main/java/me/alex/coinsapi/implementation/data/MongoDBImpl.java","tags":{"FILE_LINE_OF_CODE":"109"}}
{"ts":1685743188740,"action":"FILE_CLOSED","file":"/src/main/java/me/alex/coinsapi/implementation/data/MongoDBImpl.java","tags":{"FILE_LINE_OF_CODE":"109"}}
{"ts":1685743188741,"action":"FILE_OPENED","file":"/src/main/resources/config.yml","tags":{"FILE_LINE_OF_CODE":"4"}}
{"ts":1685743195915,"action":"IDE_DEACTIVATED"}
{"ts":1685743198031,"action":"IDE_ACTIVATED"}
{"ts":1685743199120,"action":"IDE_DEACTIVATED"}
{"ts":1685743199226,"action":"FILE_CLOSED","file":"/src/main/resources/config.yml","tags":{"FILE_LINE_OF_CODE":"4"}}
{"ts":1685743199259,"action":"PROJECT_CLOSED","tags":{"PROJECT_NAME":"CoinsAPI"}}
{"ts":1685793411080,"action":"FILE_OPENED","file":"/build.gradle","tags":{"FILE_LINE_OF_CODE":"56"}}
{"ts":1685793412741,"action":"FILE_CLOSED","file":"/build.gradle","tags":{"FILE_LINE_OF_CODE":"56"}}
{"ts":1685793412741,"action":"FILE_OPENED","file":"/src/main/resources/config.yml","tags":{"FILE_LINE_OF_CODE":"4"}}
{"ts":1685793416360,"action":"PROJECT_OPENED","tags":{"PROJECT_NAME":"CoinsAPI"}}
{"ts":1685793511266,"action":"FILE_CLOSED","file":"/src/main/resources/config.yml","tags":{"FILE_LINE_OF_CODE":"4"}}
{"ts":1685793511266,"action":"FILE_OPENED","file":"/src/main/java/me/alex/coinsapi/implementation/data/configuration/DefaultConfiguration.java","tags":{"FILE_LINE_OF_CODE":"68"}}
{"ts":1685793512453,"action":"FILE_CLOSED","file":"/src/main/java/me/alex/coinsapi/implementation/data/configuration/DefaultConfiguration.java","tags":{"FILE_LINE_OF_CODE":"68"}}
{"ts":1685793512453,"action":"FILE_OPENED","file":"/src/main/java/me/alex/coinsapi/api/Database.java","tags":{"FILE_LINE_OF_CODE":"19"}}
{"ts":1685793543858,"action":"FILE_CLOSED","file":"/src/main/java/me/alex/coinsapi/api/Database.java","tags":{"FILE_LINE_OF_CODE":"19"}}
{"ts":1685793543858,"action":"FILE_OPENED","file":"/src/main/java/me/alex/coinsapi/api/CoinUser.java","tags":{"FILE_LINE_OF_CODE":"15"}}
{"ts":1685793548739,"action":"FILE_CLOSED","file":"/src/main/java/me/alex/coinsapi/api/CoinUser.java","tags":{"FILE_LINE_OF_CODE":"15"}}
{"ts":1685793548739,"action":"FILE_OPENED","file":"/src/main/java/me/alex/coinsapi/implementation/data/UserImpl.java","tags":{"FILE_LINE_OF_CODE":"57"}}
{"ts":1685793554086,"action":"FILE_CLOSED","file":"/src/main/java/me/alex/coinsapi/implementation/data/UserImpl.java","tags":{"FILE_LINE_OF_CODE":"57"}}
{"ts":1685793554086,"action":"FILE_OPENED","file":"/src/main/java/me/alex/coinsapi/implementation/utils/BsonUtils.java","tags":{"FILE_LINE_OF_CODE":"34"}}
{"ts":1685793574053,"action":"FILE_CLOSED","file":"/src/main/java/me/alex/coinsapi/implementation/utils/BsonUtils.java","tags":{"FILE_LINE_OF_CODE":"34"}}
{"ts":1685793574053,"action":"FILE_OPENED","file":"/src/main/java/me/alex/coinsapi/api/CoinAPIProvider.java","tags":{"FILE_LINE_OF_CODE":"3"}}
{"ts":1685793645074,"action":"IDE_DEACTIVATED"}
{"ts":1685793646437,"action":"IDE_ACTIVATED"}
{"ts":1685793762355,"action":"FILE_CLOSED","file":"/src/main/java/me/alex/coinsapi/api/CoinAPIProvider.java","tags":{"FILE_LINE_OF_CODE":"24"}}
{"ts":1685793762355,"action":"FILE_OPENED","file":"/src/main/java/me/alex/coinsapi/api/CoinApi.java","tags":{"FILE_LINE_OF_CODE":"3"}}
{"ts":1685793773455,"action":"FILE_OPENED","file":"/src/main/java/me/alex/coinsapi/api/CoinAPI.java","tags":{"FILE_LINE_OF_CODE":"3"}}
{"ts":1685793843779,"action":"FILE_CLOSED","file":"/src/main/java/me/alex/coinsapi/api/CoinAPI.java","tags":{"FILE_LINE_OF_CODE":"7"}}
{"ts":1685793843779,"action":"FILE_OPENED","file":"/src/main/java/me/alex/coinsapi/api/CoinUser.java","tags":{"FILE_LINE_OF_CODE":"15"}}
{"ts":1685793845332,"action":"FILE_CLOSED","file":"/src/main/java/me/alex/coinsapi/api/CoinUser.java","tags":{"FILE_LINE_OF_CODE":"15"}}
{"ts":1685793845332,"action":"FILE_OPENED","file":"/src/main/java/me/alex/coinsapi/api/Database.java","tags":{"FILE_LINE_OF_CODE":"19"}}
{"ts":1685793870977,"action":"IDE_DEACTIVATED"}
{"ts":1685793886376,"action":"IDE_ACTIVATED"}
{"ts":1685793886618,"action":"FILE_CLOSED","file":"/src/main/java/me/alex/coinsapi/api/Database.java","tags":{"FILE_LINE_OF_CODE":"19"}}
{"ts":1685793886618,"action":"FILE_OPENED","file":"/src/main/java/me/alex/coinsapi/api/CoinAPI.java","tags":{"FILE_LINE_OF_CODE":"7"}}
{"ts":1685793906113,"action":"FILE_CLOSED","file":"/src/main/java/me/alex/coinsapi/api/CoinAPI.java","tags":{"FILE_LINE_OF_CODE":"7"}}
{"ts":1685793906113,"action":"FILE_OPENED","file":"/src/main/java/me/alex/coinsapi/api/CoinUser.java","tags":{"FILE_LINE_OF_CODE":"15"}}
{"ts":1685793909993,"action":"FILE_CLOSED","file":"/src/main/java/me/alex/coinsapi/api/CoinUser.java","tags":{"FILE_LINE_OF_CODE":"15"}}
{"ts":1685793909993,"action":"FILE_OPENED","file":"/src/main/java/me/alex/coinsapi/api/Database.java","tags":{"FILE_LINE_OF_CODE":"19"}}
{"ts":1685794055061,"action":"FILE_CLOSED","file":"/src/main/java/me/alex/coinsapi/api/Database.java","tags":{"FILE_LINE_OF_CODE":"19"}}
{"ts":1685794055061,"action":"FILE_OPENED","file":"/src/main/java/me/alex/coinsapi/api/CoinAPI.java","tags":{"FILE_LINE_OF_CODE":"7"}}
{"ts":1685794178800,"action":"IDE_DEACTIVATED"}
{"ts":1685794215761,"action":"IDE_ACTIVATED"}
{"ts":1685794459688,"action":"FILE_CLOSED","file":"/src/main/java/me/alex/coinsapi/api/CoinAPI.java","tags":{"FILE_LINE_OF_CODE":"51"}}
{"ts":1685794459688,"action":"FILE_OPENED","file":"/src/main/java/me/alex/coinsapi/api/Database.java","tags":{"FILE_LINE_OF_CODE":"19"}}
{"ts":1685794465725,"action":"FILE_CLOSED","file":"/src/main/java/me/alex/coinsapi/api/Database.java","tags":{"FILE_LINE_OF_CODE":"19"}}
{"ts":1685794465725,"action":"FILE_OPENED","file":"/src/main/java/me/alex/coinsapi/implementation/data/MongoDBImpl.java","tags":{"FILE_LINE_OF_CODE":"109"}}
{"ts":1685794477943,"action":"FILE_CLOSED","file":"/src/main/java/me/alex/coinsapi/implementation/data/MongoDBImpl.java","tags":{"FILE_LINE_OF_CODE":"109"}}
{"ts":1685794477943,"action":"FILE_OPENED","file":"/src/main/java/me/alex/coinsapi/api/CoinAPIProvider.java","tags":{"FILE_LINE_OF_CODE":"24"}}
{"ts":1685794523582,"action":"FILE_CLOSED","file":"/src/main/java/me/alex/coinsapi/api/CoinAPIProvider.java","tags":{"FILE_LINE_OF_CODE":"24"}}
{"ts":1685794523582,"action":"FILE_OPENED","file":"/src/main/java/me/alex/coinsapi/api/CoinAPI.java","tags":{"FILE_LINE_OF_CODE":"51"}}
{"ts":1685794743602,"action":"FILE_CLOSED","file":"/src/main/java/me/alex/coinsapi/api/CoinAPI.java","tags":{"FILE_LINE_OF_CODE":"74"}}
{"ts":1685794743602,"action":"FILE_OPENED","file":"/src/main/java/me/alex/coinsapi/api/CoinUser.java","tags":{"FILE_LINE_OF_CODE":"15"}}
{"ts":1685794790427,"action":"FILE_CLOSED","file":"/src/main/java/me/alex/coinsapi/api/CoinUser.java","tags":{"FILE_LINE_OF_CODE":"15"}}
{"ts":1685794790427,"action":"FILE_OPENED","file":"/src/main/java/me/alex/coinsapi/implementation/CoinsAPI.java","tags":{"FILE_LINE_OF_CODE":"51"}}
{"ts":1685794824128,"action":"FILE_CLOSED","file":"/src/main/java/me/alex/coinsapi/implementation/CoinsAPI.java","tags":{"FILE_LINE_OF_CODE":"54"}}
{"ts":1685794824128,"action":"FILE_OPENED","file":"/src/main/java/me/alex/coinsapi/implementation/data/MongoDBImpl.java","tags":{"FILE_LINE_OF_CODE":"109"}}
{"ts":1685794844379,"action":"FILE_CLOSED","file":"/src/main/java/me/alex/coinsapi/implementation/data/MongoDBImpl.java","tags":{"FILE_LINE_OF_CODE":"114"}}
{"ts":1685794844379,"action":"FILE_OPENED","file":"/src/main/java/me/alex/coinsapi/implementation/CoinsAPI.java","tags":{"FILE_LINE_OF_CODE":"54"}}
{"ts":1685794920094,"action":"FILE_CLOSED","file":"/src/main/java/me/alex/coinsapi/implementation/CoinsAPI.java","tags":{"FILE_LINE_OF_CODE":"64"}}
{"ts":1685794920094,"action":"FILE_OPENED","file":"/src/main/java/me/alex/coinsapi/api/CoinAPIProvider.java","tags":{"FILE_LINE_OF_CODE":"24"}}
{"ts":1685794927359,"action":"FILE_CLOSED","file":"/src/main/java/me/alex/coinsapi/api/CoinAPIProvider.java","tags":{"FILE_LINE_OF_CODE":"24"}}
{"ts":1685794927359,"action":"FILE_OPENED","file":"/src/main/java/me/alex/coinsapi/implementation/CoinsAPI.java","tags":{"FILE_LINE_OF_CODE":"64"}}
{"ts":1685794934018,"action":"IDE_DEACTIVATED"}
{"ts":1685794977521,"action":"IDE_ACTIVATED"}
{"ts":1685794977793,"action":"FILE_CLOSED","file":"/src/main/java/me/alex/coinsapi/implementation/CoinsAPI.java","tags":{"FILE_LINE_OF_CODE":"64"}}
{"ts":1685794977793,"action":"FILE_OPENED","file":"/src/main/java/me/alex/coinsapi/api/CoinAPIProvider.java","tags":{"FILE_LINE_OF_CODE":"24"}}
{"ts":1685795034673,"action":"IDE_DEACTIVATED"}
{"ts":1685795073241,"action":"IDE_ACTIVATED"}
{"ts":1685795129022,"action":"FILE_CLOSED","file":"/src/main/java/me/alex/coinsapi/api/CoinAPIProvider.java","tags":{"FILE_LINE_OF_CODE":"27"}}
{"ts":1685795129022,"action":"FILE_OPENED","file":"/src/main/java/me/alex/coinsapi/implementation/event/PlayerLoginEvent.java","tags":{"FILE_LINE_OF_CODE":"3"}}
{"ts":1685795142846,"action":"IDE_DEACTIVATED"}
{"ts":1685795147327,"action":"IDE_ACTIVATED"}
{"ts":1685795147686,"action":"IDE_DEACTIVATED"}
{"ts":1685795204354,"action":"IDE_ACTIVATED"}
{"ts":1685795212795,"action":"FILE_CLOSED","file":"/src/main/java/me/alex/coinsapi/implementation/event/PlayerLoginEvent.java","tags":{"FILE_LINE_OF_CODE":"5"}}
{"ts":1685795212796,"action":"FILE_OPENED","file":"/src/main/java/me/alex/coinsapi/implementation/CoinsAPI.java","tags":{"FILE_LINE_OF_CODE":"63"}}
{"ts":1685795228467,"action":"FILE_CLOSED","file":"/src/main/java/me/alex/coinsapi/implementation/CoinsAPI.java","tags":{"FILE_LINE_OF_CODE":"63"}}
{"ts":1685795228467,"action":"FILE_OPENED","file":"/src/main/java/me/alex/coinsapi/implementation/event/PlayerLoginEvent.java","tags":{"FILE_LINE_OF_CODE":"5"}}
{"ts":1685795557001,"action":"FILE_CLOSED","file":"/src/main/java/me/alex/coinsapi/implementation/event/PlayerLoginEvent.java","tags":{"FILE_LINE_OF_CODE":"55"}}
{"ts":1685795557001,"action":"FILE_OPENED","file":"/src/main/java/me/alex/coinsapi/implementation/data/UserImpl.java","tags":{"FILE_LINE_OF_CODE":"57"}}
{"ts":1685795559512,"action":"FILE_CLOSED","file":"/src/main/java/me/alex/coinsapi/implementation/data/UserImpl.java","tags":{"FILE_LINE_OF_CODE":"57"}}
{"ts":1685795559512,"action":"FILE_OPENED","file":"/src/main/java/me/alex/coinsapi/api/CoinUser.java","tags":{"FILE_LINE_OF_CODE":"15"}}
{"ts":1685795561372,"action":"FILE_CLOSED","file":"/src/main/java/me/alex/coinsapi/api/CoinUser.java","tags":{"FILE_LINE_OF_CODE":"15"}}
{"ts":1685795561372,"action":"FILE_OPENED","file":"/src/main/java/me/alex/coinsapi/implementation/event/PlayerLoginEvent.java","tags":{"FILE_LINE_OF_CODE":"55"}}
{"ts":1685795691654,"action":"FILE_CLOSED","file":"/src/main/java/me/alex/coinsapi/implementation/event/PlayerLoginEvent.java","tags":{"FILE_LINE_OF_CODE":"65"}}
{"ts":1685795691654,"action":"FILE_OPENED","file":"/src/main/java/me/alex/coinsapi/api/CoinUser.java","tags":{"FILE_LINE_OF_CODE":"15"}}
{"ts":1685795698175,"action":"FILE_CLOSED","file":"/src/main/java/me/alex/coinsapi/api/CoinUser.java","tags":{"FILE_LINE_OF_CODE":"15"}}
{"ts":1685795698175,"action":"FILE_OPENED","file":"/src/main/java/me/alex/coinsapi/implementation/event/PlayerLoginEvent.java","tags":{"FILE_LINE_OF_CODE":"65"}}
{"ts":1685795810863,"action":"FILE_CLOSED","file":"/src/main/java/me/alex/coinsapi/implementation/event/PlayerLoginEvent.java","tags":{"FILE_LINE_OF_CODE":"72"}}
{"ts":1685795810863,"action":"FILE_OPENED","file":"/src/main/java/me/alex/coinsapi/implementation/event/PlayerLeaveEvent.java","tags":{"FILE_LINE_OF_CODE":"3"}}
{"ts":1685795878131,"action":"IDE_DEACTIVATED"}
{"ts":1685795890616,"action":"IDE_ACTIVATED"}
{"ts":1685795970437,"action":"FILE_CLOSED","file":"/src/main/java/me/alex/coinsapi/implementation/event/PlayerLeaveEvent.java","tags":{"FILE_LINE_OF_CODE":"47"}}
{"ts":1685795970437,"action":"FILE_OPENED","file":"/build.gradle","tags":{"FILE_LINE_OF_CODE":"56"}}
{"ts":1685796037558,"action":"FILE_CLOSED","file":"/build.gradle","tags":{"FILE_LINE_OF_CODE":"59"}}
{"ts":1685796037558,"action":"FILE_OPENED","file":"/src/main/resources/config.yml","tags":{"FILE_LINE_OF_CODE":"4"}}
{"ts":1685796058465,"action":"FILE_CLOSED","file":"/src/main/resources/config.yml","tags":{"FILE_LINE_OF_CODE":"5"}}
{"ts":1685796058465,"action":"FILE_OPENED","file":"/src/main/java/me/alex/coinsapi/implementation/CoinsAPI.java","tags":{"FILE_LINE_OF_CODE":"63"}}
{"ts":1685796075528,"action":"FILE_CLOSED","file":"/src/main/java/me/alex/coinsapi/implementation/CoinsAPI.java","tags":{"FILE_LINE_OF_CODE":"64"}}
{"ts":1685796075528,"action":"FILE_OPENED","file":"/src/main/java/me/alex/coinsapi/implementation/event/PlayerLeaveEvent.java","tags":{"FILE_LINE_OF_CODE":"47"}}
{"ts":1685796102624,"action":"IDE_DEACTIVATED"}
{"ts":1685796199027,"action":"IDE_ACTIVATED"}
{"ts":1685796225008,"action":"FILE_CLOSED","file":"/src/main/java/me/alex/coinsapi/implementation/event/PlayerLeaveEvent.java","tags":{"FILE_LINE_OF_CODE":"47"}}
{"ts":1685796225008,"action":"FILE_OPENED","file":"/src/main/java/me/alex/coinsapi/implementation/utils/BsonUtils.java","tags":{"FILE_LINE_OF_CODE":"34"}}
{"ts":1685796225536,"action":"FILE_CLOSED","file":"/src/main/java/me/alex/coinsapi/implementation/utils/BsonUtils.java","tags":{"FILE_LINE_OF_CODE":"34"}}
{"ts":1685796225536,"action":"FILE_OPENED","file":"/src/main/java/me/alex/coinsapi/implementation/CoinsAPI.java","tags":{"FILE_LINE_OF_CODE":"64"}}
{"ts":1685796388417,"action":"IDE_DEACTIVATED"}
{"ts":1685796450979,"action":"IDE_ACTIVATED"}
{"ts":1685796461472,"action":"FILE_CLOSED","file":"/src/main/java/me/alex/coinsapi/implementation/CoinsAPI.java","tags":{"FILE_LINE_OF_CODE":"71"}}
{"ts":1685796461472,"action":"FILE_OPENED","file":"/src/main/java/me/alex/coinsapi/implementation/utils/BsonUtils.java","tags":{"FILE_LINE_OF_CODE":"34"}}
{"ts":1685796511376,"action":"FILE_CLOSED","file":"/src/main/java/me/alex/coinsapi/implementation/utils/BsonUtils.java","tags":{"FILE_LINE_OF_CODE":"40"}}
{"ts":1685796511376,"action":"FILE_OPENED","file":"/src/main/java/me/alex/coinsapi/api/CoinAPIProvider.java","tags":{"FILE_LINE_OF_CODE":"27"}}
{"ts":1685796513430,"action":"FILE_CLOSED","file":"/src/main/java/me/alex/coinsapi/api/CoinAPIProvider.java","tags":{"FILE_LINE_OF_CODE":"27"}}
{"ts":1685796513430,"action":"FILE_OPENED","file":"/src/main/java/me/alex/coinsapi/api/CoinAPI.java","tags":{"FILE_LINE_OF_CODE":"74"}}
{"ts":1685796517999,"action":"FILE_CLOSED","file":"/src/main/java/me/alex/coinsapi/api/CoinAPI.java","tags":{"FILE_LINE_OF_CODE":"74"}}
{"ts":1685796517999,"action":"FILE_OPENED","file":"/src/main/java/me/alex/coinsapi/implementation/CoinsAPI.java","tags":{"FILE_LINE_OF_CODE":"71"}}
{"ts":1685796531197,"action":"FILE_CLOSED","file":"/src/main/java/me/alex/coinsapi/implementation/CoinsAPI.java","tags":{"FILE_LINE_OF_CODE":"71"}}
{"ts":1685796543756,"action":"FILE_OPENED","file":"/src/main/java/me/alex/coinsapi/implementation/CoinsAPI.java","tags":{"FILE_LINE_OF_CODE":"71"}}
{"ts":1685796566202,"action":"FILE_CLOSED","file":"/src/main/java/me/alex/coinsapi/implementation/CoinsAPI.java","tags":{"FILE_LINE_OF_CODE":"71"}}
{"ts":1685796566202,"action":"FILE_OPENED","file":"/src/main/java/me/alex/coinsapi/implementation/data/UserCache.java","tags":{"FILE_LINE_OF_CODE":"3"}}
{"ts":1685796717350,"action":"IDE_DEACTIVATED"}
{"ts":1685796790034,"action":"IDE_ACTIVATED"}
{"ts":1685796851298,"action":"FILE_CLOSED","file":"/src/main/java/me/alex/coinsapi/implementation/data/UserCache.java","tags":{"FILE_LINE_OF_CODE":"17"}}
{"ts":1685796851298,"action":"FILE_OPENED","file":"/src/main/java/me/alex/coinsapi/implementation/data/MongoDBImpl.java","tags":{"FILE_LINE_OF_CODE":"113"}}
{"ts":1685796895346,"action":"FILE_CLOSED","file":"/src/main/java/me/alex/coinsapi/implementation/data/MongoDBImpl.java","tags":{"FILE_LINE_OF_CODE":"114"}}
{"ts":1685796895346,"action":"FILE_OPENED","file":"/src/main/java/me/alex/coinsapi/implementation/data/UserCache.java","tags":{"FILE_LINE_OF_CODE":"17"}}
{"ts":1685796929030,"action":"FILE_CLOSED","file":"/src/main/java/me/alex/coinsapi/implementation/data/UserCache.java","tags":{"FILE_LINE_OF_CODE":"18"}}
{"ts":1685796939597,"action":"FILE_OPENED","file":"/src/main/java/me/alex/coinsapi/implementation/data/UserCache.java","tags":{"FILE_LINE_OF_CODE":"18"}}
{"ts":1685797575089,"action":"FILE_CLOSED","file":"/src/main/java/me/alex/coinsapi/implementation/data/UserCache.java","tags":{"FILE_LINE_OF_CODE":"84"}}
{"ts":1685797575089,"action":"FILE_OPENED","file":"/src/main/java/me/alex/coinsapi/implementation/CoinsAPI.java","tags":{"FILE_LINE_OF_CODE":"71"}}
{"ts":1685797624392,"action":"FILE_CLOSED","file":"/src/main/java/me/alex/coinsapi/implementation/CoinsAPI.java","tags":{"FILE_LINE_OF_CODE":"74"}}
{"ts":1685797624392,"action":"FILE_OPENED","file":"/src/main/java/me/alex/coinsapi/implementation/event/PlayerLeaveEvent.java","tags":{"FILE_LINE_OF_CODE":"47"}}
{"ts":1685797645108,"action":"FILE_CLOSED","file":"/src/main/java/me/alex/coinsapi/implementation/event/PlayerLeaveEvent.java","tags":{"FILE_LINE_OF_CODE":"50"}}
{"ts":1685797645108,"action":"FILE_OPENED","file":"/src/main/java/me/alex/coinsapi/implementation/CoinsAPI.java","tags":{"FILE_LINE_OF_CODE":"74"}}
{"ts":1685797651019,"action":"FILE_CLOSED","file":"/src/main/java/me/alex/coinsapi/implementation/CoinsAPI.java","tags":{"FILE_LINE_OF_CODE":"75"}}
{"ts":1685797651019,"action":"FILE_OPENED","file":"/src/main/java/me/alex/coinsapi/implementation/event/PlayerLeaveEvent.java","tags":{"FILE_LINE_OF_CODE":"50"}}
{"ts":1685797703187,"action":"FILE_CLOSED","file":"/src/main/java/me/alex/coinsapi/implementation/event/PlayerLeaveEvent.java","tags":{"FILE_LINE_OF_CODE":"46"}}
{"ts":1685797703187,"action":"FILE_OPENED","file":"/src/main/java/me/alex/coinsapi/implementation/CoinsAPI.java","tags":{"FILE_LINE_OF_CODE":"75"}}
{"ts":1685797806804,"action":"FILE_CLOSED","file":"/src/main/java/me/alex/coinsapi/implementation/CoinsAPI.java","tags":{"FILE_LINE_OF_CODE":"80"}}
{"ts":1685797806804,"action":"FILE_OPENED","file":"/build.gradle","tags":{"FILE_LINE_OF_CODE":"59"}}
{"ts":1685797865526,"action":"IDE_DEACTIVATED"}
{"ts":1685797896784,"action":"IDE_ACTIVATED"}
{"ts":1685797898462,"action":"IDE_DEACTIVATED"}
{"ts":1685797920726,"action":"IDE_ACTIVATED"}
{"ts":1685798030623,"action":"FILE_CLOSED","file":"/build.gradle","tags":{"FILE_LINE_OF_CODE":"59"}}
{"ts":1685798036240,"action":"FILE_OPENED","file":"/build.gradle","tags":{"FILE_LINE_OF_CODE":"59"}}
{"ts":1685798037597,"action":"IDE_DEACTIVATED"}
{"ts":1685798046812,"action":"IDE_ACTIVATED"}
{"ts":1685798103507,"action":"IDE_DEACTIVATED"}
{"ts":1685798131404,"action":"IDE_ACTIVATED"}
{"ts":1685798212024,"action":"FILE_CLOSED","file":"/build.gradle","tags":{"FILE_LINE_OF_CODE":"52"}}
{"ts":1685798212025,"action":"FILE_OPENED","file":"/build/generated/sources/annotationProcessor/java/main/me/alex/coinsapi/implementation/platform/bukkit/CoinsAPIBukkit.java","tags":{"FILE_LINE_OF_CODE":"36"}}
{"ts":1685798255434,"action":"FILE_CLOSED","file":"/build/generated/sources/annotationProcessor/java/main/me/alex/coinsapi/implementation/platform/bukkit/CoinsAPIBukkit.java","tags":{"FILE_LINE_OF_CODE":"36"}}
{"ts":1685798255434,"action":"FILE_OPENED","file":"/build.gradle","tags":{"FILE_LINE_OF_CODE":"52"}}
{"ts":1685798276347,"action":"IDE_DEACTIVATED"}
{"ts":1685798413009,"action":"IDE_ACTIVATED"}
{"ts":1685798444179,"action":"FILE_CLOSED","file":"/build.gradle","tags":{"FILE_LINE_OF_CODE":"57"}}
{"ts":1685798444179,"action":"FILE_OPENED","file":"/src/main/java/me/alex/coinsapi/implementation/CoinsAPI.java","tags":{"FILE_LINE_OF_CODE":"80"}}
{"ts":1685798468867,"action":"IDE_DEACTIVATED"}
{"ts":1685798488553,"action":"IDE_ACTIVATED"}
{"ts":1685798495696,"action":"IDE_DEACTIVATED"}
{"ts":1685798495802,"action":"FILE_CLOSED","file":"/src/main/java/me/alex/coinsapi/implementation/CoinsAPI.java","tags":{"FILE_LINE_OF_CODE":"80"}}
{"ts":1685798495828,"action":"PROJECT_CLOSED","tags":{"PROJECT_NAME":"CoinsAPI"}}
{"ts":1685798565253,"action":"FILE_OPENED","file":"/src/main/java/me/alex/coinsapi/implementation/utils/BsonUtils.java","tags":{"FILE_LINE_OF_CODE":"40"}}
{"ts":1685798567886,"action":"PROJECT_OPENED","tags":{"PROJECT_NAME":"CoinsAPI"}}
{"ts":1685799497529,"action":"IDE_DEACTIVATED"}
{"ts":1685799575438,"action":"IDE_ACTIVATED"}
{"ts":1685799580075,"action":"IDE_DEACTIVATED"}
{"ts":1685800296908,"action":"IDE_ACTIVATED"}
{"ts":1685800297140,"action":"FILE_CLOSED","file":"/src/main/java/me/alex/coinsapi/implementation/utils/BsonUtils.java","tags":{"FILE_LINE_OF_CODE":"40"}}
{"ts":1685800297140,"action":"FILE_OPENED","file":"/build.gradle","tags":{"FILE_LINE_OF_CODE":"57"}}
{"ts":1685800305504,"action":"IDE_DEACTIVATED"}
{"ts":1685800307523,"action":"IDE_ACTIVATED"}
{"ts":1685800313364,"action":"IDE_DEACTIVATED"}
{"ts":1685800315781,"action":"IDE_ACTIVATED"}
{"ts":1685800320877,"action":"IDE_DEACTIVATED"}
{"ts":1685800322993,"action":"IDE_ACTIVATED"}
{"ts":1685800541128,"action":"FILE_CLOSED","file":"/build.gradle","tags":{"FILE_LINE_OF_CODE":"63"}}
{"ts":1685800541128,"action":"FILE_OPENED","file":"/src/main/java/me/alex/coinsapi/implementation/CoinsAPI.java","tags":{"FILE_LINE_OF_CODE":"80"}}
{"ts":1685800636471,"action":"FILE_CLOSED","file":"/src/main/java/me/alex/coinsapi/implementation/CoinsAPI.java","tags":{"FILE_LINE_OF_CODE":"80"}}
{"ts":1685800636471,"action":"FILE_OPENED","file":"/build.gradle","tags":{"FILE_LINE_OF_CODE":"63"}}
{"ts":1685800648068,"action":"FILE_CLOSED","file":"/build.gradle","tags":{"FILE_LINE_OF_CODE":"63"}}
{"ts":1685800648068,"action":"FILE_OPENED","file":"/src/main/java/me/alex/coinsapi/implementation/CoinsAPI.java","tags":{"FILE_LINE_OF_CODE":"80"}}
{"ts":1685808110812,"action":"IDE_DEACTIVATED"}
{"ts":1685814904055,"action":"IDE_ACTIVATED"}
{"ts":1685815011377,"action":"IDE_DEACTIVATED"}
{"ts":1685815086975,"action":"IDE_ACTIVATED"}
{"ts":1685815088493,"action":"IDE_DEACTIVATED"}
{"ts":1685815114218,"action":"IDE_ACTIVATED"}
{"ts":1685815215532,"action":"IDE_DEACTIVATED"}
{"ts":1685833857774,"action":"IDE_ACTIVATED"}
{"ts":1685833863383,"action":"IDE_DEACTIVATED"}
{"ts":1685833864360,"action":"IDE_ACTIVATED"}
{"ts":1685833868824,"action":"IDE_DEACTIVATED"}
{"ts":1685833869466,"action":"IDE_ACTIVATED"}
{"ts":1685833870025,"action":"IDE_DEACTIVATED"}
{"ts":1685833870459,"action":"IDE_ACTIVATED"}
{"ts":1685833874190,"action":"FILE_CLOSED","file":"/src/main/java/me/alex/coinsapi/implementation/CoinsAPI.java","tags":{"FILE_LINE_OF_CODE":"80"}}
{"ts":1685833874190,"action":"FILE_OPENED","file":"/build.gradle","tags":{"FILE_LINE_OF_CODE":"63"}}
{"ts":1685833896158,"action":"FILE_CLOSED","file":"/build.gradle","tags":{"FILE_LINE_OF_CODE":"69"}}
{"ts":1685833896158,"action":"FILE_OPENED","file":"/src/main/java/me/alex/coinsapi/implementation/CoinsAPI.java","tags":{"FILE_LINE_OF_CODE":"80"}}
{"ts":1685833907599,"action":"FILE_CLOSED","file":"/src/main/java/me/alex/coinsapi/implementation/CoinsAPI.java","tags":{"FILE_LINE_OF_CODE":"80"}}
{"ts":1685833907599,"action":"FILE_OPENED","file":"/build.gradle","tags":{"FILE_LINE_OF_CODE":"69"}}
{"ts":1685833910140,"action":"IDE_DEACTIVATED"}
{"ts":1685833923891,"action":"IDE_ACTIVATED"}
{"ts":1685833942917,"action":"IDE_DEACTIVATED"}
{"ts":1685833944799,"action":"IDE_ACTIVATED"}
{"ts":1685833945346,"action":"IDE_DEACTIVATED"}
{"ts":1685834228441,"action":"IDE_ACTIVATED"}
{"ts":1685834274998,"action":"IDE_DEACTIVATED"}
{"ts":1685834308334,"action":"IDE_ACTIVATED"}
{"ts":1685834308441,"action":"IDE_DEACTIVATED"}
{"ts":1685834309605,"action":"IDE_ACTIVATED"}
{"ts":1685834309708,"action":"IDE_DEACTIVATED"}
{"ts":1685839846597,"action":"IDE_ACTIVATED"}
{"ts":1685839848089,"action":"FILE_CLOSED","file":"/build.gradle","tags":{"FILE_LINE_OF_CODE":"70"}}
{"ts":1685839848099,"action":"PROJECT_CLOSED","tags":{"PROJECT_NAME":"CoinsAPI"}}
{"ts":1685875301388,"action":"FILE_OPENED","file":"/src/main/java/me/alex/coinsapi/api/CoinAPIProvider.java","tags":{"FILE_LINE_OF_CODE":"28"}}
{"ts":1685875302605,"action":"FILE_CLOSED","file":"/src/main/java/me/alex/coinsapi/api/CoinAPIProvider.java","tags":{"FILE_LINE_OF_CODE":"28"}}
{"ts":1685875302605,"action":"FILE_OPENED","file":"/build.gradle","tags":{"FILE_LINE_OF_CODE":"70"}}
{"ts":1685875304686,"action":"PROJECT_OPENED","tags":{"PROJECT_NAME":"CoinsAPI"}}
{"ts":1685875435406,"action":"IDE_DEACTIVATED"}
{"ts":1685875466178,"action":"IDE_ACTIVATED"}
{"ts":1685875509724,"action":"IDE_DEACTIVATED"}
{"ts":1685875510902,"action":"IDE_ACTIVATED"}
{"ts":1685875517142,"action":"IDE_DEACTIVATED"}
{"ts":1685875519900,"action":"IDE_ACTIVATED"}
{"ts":1685875520252,"action":"IDE_DEACTIVATED"}
{"ts":1685875590547,"action":"IDE_ACTIVATED"}
{"ts":1685875662099,"action":"IDE_DEACTIVATED"}
{"ts":1685875671954,"action":"IDE_ACTIVATED"}
{"ts":1685875707725,"action":"IDE_DEACTIVATED"}
{"ts":1685875817519,"action":"IDE_ACTIVATED"}
{"ts":1685875911585,"action":"IDE_DEACTIVATED"}
{"ts":1685876040666,"action":"IDE_ACTIVATED"}
{"ts":1685876067956,"action":"IDE_DEACTIVATED"}
{"ts":1685876095274,"action":"IDE_ACTIVATED"}
{"ts":1685876098532,"action":"IDE_DEACTIVATED"}
{"ts":1685876107630,"action":"IDE_ACTIVATED"}
{"ts":1685876111924,"action":"IDE_DEACTIVATED"}
{"ts":1685876128095,"action":"IDE_ACTIVATED"}
{"ts":1685876128536,"action":"IDE_DEACTIVATED"}
{"ts":1685876132138,"action":"IDE_ACTIVATED"}
{"ts":1685876132888,"action":"IDE_DEACTIVATED"}
{"ts":1685876201403,"action":"IDE_ACTIVATED"}
{"ts":1685876202157,"action":"IDE_DEACTIVATED"}
{"ts":1685876207438,"action":"IDE_ACTIVATED"}
{"ts":1685876211709,"action":"IDE_DEACTIVATED"}
{"ts":1685876222370,"action":"IDE_ACTIVATED"}
{"ts":1685876292695,"action":"FILE_CLOSED","file":"/build.gradle","tags":{"FILE_LINE_OF_CODE":"70"}}
{"ts":1685876292695,"action":"FILE_OPENED","file":"/src/main/java/me/alex/coinsapi/implementation/CoinsAPI.java","tags":{"FILE_LINE_OF_CODE":"80"}}
{"ts":1685876312929,"action":"IDE_DEACTIVATED"}
{"ts":1685876338878,"action":"IDE_ACTIVATED"}
{"ts":1685876339133,"action":"FILE_CLOSED","file":"/src/main/java/me/alex/coinsapi/implementation/CoinsAPI.java","tags":{"FILE_LINE_OF_CODE":"80"}}
{"ts":1685876339133,"action":"FILE_OPENED","file":"/settings.gradle","tags":{"FILE_LINE_OF_CODE":"6"}}
{"ts":1685876350713,"action":"IDE_DEACTIVATED"}
{"ts":1685876370879,"action":"IDE_ACTIVATED"}
{"ts":1685876375670,"action":"FILE_CLOSED","file":"/settings.gradle","tags":{"FILE_LINE_OF_CODE":"6"}}
{"ts":1685876375670,"action":"FILE_OPENED","file":"/gradle/wrapper/gradle-wrapper.properties","tags":{"FILE_LINE_OF_CODE":"6"}}
{"ts":1685876395776,"action":"FILE_CLOSED","file":"/gradle/wrapper/gradle-wrapper.properties","tags":{"FILE_LINE_OF_CODE":"8"}}
{"ts":1685876395776,"action":"FILE_OPENED","file":"/src/main/java/me/alex/coinsapi/implementation/CoinsAPI.java","tags":{"FILE_LINE_OF_CODE":"80"}}
{"ts":1685876412242,"action":"IDE_DEACTIVATED"}
{"ts":1685876416522,"action":"IDE_ACTIVATED"}
{"ts":1685876416912,"action":"IDE_DEACTIVATED"}
{"ts":1685876466613,"action":"IDE_ACTIVATED"}
{"ts":1685876466882,"action":"FILE_CLOSED","file":"/src/main/java/me/alex/coinsapi/implementation/CoinsAPI.java","tags":{"FILE_LINE_OF_CODE":"80"}}
{"ts":1685876466882,"action":"FILE_OPENED","file":"/build.gradle","tags":{"FILE_LINE_OF_CODE":"70"}}
{"ts":1685876482676,"action":"IDE_DEACTIVATED"}
{"ts":1685876494870,"action":"IDE_ACTIVATED"}
{"ts":1685876514492,"action":"IDE_DEACTIVATED"}
{"ts":1685876574144,"action":"IDE_ACTIVATED"}
{"ts":1685876579962,"action":"IDE_DEACTIVATED"}
{"ts":1685876580946,"action":"IDE_ACTIVATED"}
{"ts":1685876581441,"action":"IDE_DEACTIVATED"}
{"ts":1685876597810,"action":"IDE_ACTIVATED"}
{"ts":1685876599965,"action":"IDE_DEACTIVATED"}
{"ts":1685876602571,"action":"IDE_ACTIVATED"}
{"ts":1685876603093,"action":"IDE_DEACTIVATED"}
{"ts":1685876611098,"action":"IDE_ACTIVATED"}
{"ts":1685876617142,"action":"IDE_DEACTIVATED"}
{"ts":1685876790543,"action":"IDE_ACTIVATED"}
{"ts":1685876792655,"action":"IDE_DEACTIVATED"}
{"ts":1685876819664,"action":"IDE_ACTIVATED"}
{"ts":1685876896962,"action":"IDE_DEACTIVATED"}
{"ts":1685877043076,"action":"IDE_ACTIVATED"}
{"ts":1685877075995,"action":"IDE_DEACTIVATED"}
{"ts":1685877155778,"action":"IDE_ACTIVATED"}
{"ts":1685877214586,"action":"FILE_CLOSED","file":"/build.gradle","tags":{"FILE_LINE_OF_CODE":"71"}}
{"ts":1685877214586,"action":"FILE_OPENED","file":"/src/main/java/me/alex/coinsapi/implementation/data/pojo/UserImpl.java","tags":{"FILE_LINE_OF_CODE":"58"}}
{"ts":1685877441870,"action":"IDE_DEACTIVATED"}
{"ts":1685877675622,"action":"IDE_ACTIVATED"}
{"ts":1685877709236,"action":"FILE_CLOSED","file":"/src/main/java/me/alex/coinsapi/implementation/data/pojo/UserImpl.java","tags":{"FILE_LINE_OF_CODE":"57"}}
{"ts":1685877709236,"action":"FILE_OPENED","file":"/src/main/java/me/alex/coinsapi/api/CoinUserDAO.java","tags":{"FILE_LINE_OF_CODE":"27"}}
{"ts":1685877711983,"action":"FILE_CLOSED","file":"/src/main/java/me/alex/coinsapi/api/CoinUserDAO.java","tags":{"FILE_LINE_OF_CODE":"27"}}
{"ts":1685877711983,"action":"FILE_OPENED","file":"/src/main/java/me/alex/coinsapi/api/CoinUser.java","tags":{"FILE_LINE_OF_CODE":"19"}}
{"ts":1685877715484,"action":"FILE_CLOSED","file":"/src/main/java/me/alex/coinsapi/api/CoinUser.java","tags":{"FILE_LINE_OF_CODE":"19"}}
{"ts":1685877715484,"action":"FILE_OPENED","file":"/src/main/java/me/alex/coinsapi/api/CoinAPIProvider.java","tags":{"FILE_LINE_OF_CODE":"28"}}
{"ts":1685877726631,"action":"IDE_DEACTIVATED"}
{"ts":1685877818925,"action":"IDE_ACTIVATED"}
{"ts":1685877825769,"action":"IDE_DEACTIVATED"}
{"ts":1685877858579,"action":"IDE_ACTIVATED"}
{"ts":1685877867932,"action":"FILE_CLOSED","file":"/src/main/java/me/alex/coinsapi/api/CoinAPIProvider.java","tags":{"FILE_LINE_OF_CODE":"28"}}
{"ts":1685877867932,"action":"FILE_OPENED","file":"/src/main/java/me/alex/coinsapi/implementation/commands/CoinsCommand.java","tags":{"FILE_LINE_OF_CODE":"3"}}
{"ts":1685878233424,"action":"IDE_DEACTIVATED"}
{"ts":1685878236591,"action":"IDE_ACTIVATED"}
{"ts":1685878308011,"action":"FILE_CLOSED","file":"/src/main/java/me/alex/coinsapi/implementation/commands/CoinsCommand.java","tags":{"FILE_LINE_OF_CODE":"18"}}
{"ts":1685878308011,"action":"FILE_OPENED","file":"/src/main/java/me/alex/coinsapi/api/CoinUser.java","tags":{"FILE_LINE_OF_CODE":"19"}}
{"ts":1685878450470,"action":"IDE_DEACTIVATED"}
{"ts":1685878470630,"action":"IDE_ACTIVATED"}
{"ts":1685878541359,"action":"IDE_DEACTIVATED"}
{"ts":1685878544378,"action":"IDE_ACTIVATED"}
{"ts":1685880167075,"action":"FILE_CLOSED","file":"/src/main/java/me/alex/coinsapi/api/CoinUser.java","tags":{"FILE_LINE_OF_CODE":"21"}}
{"ts":1685880167075,"action":"FILE_OPENED","file":"/src/main/java/me/alex/coinsapi/implementation/data/pojo/UserImpl.java","tags":{"FILE_LINE_OF_CODE":"57"}}
{"ts":1685880208269,"action":"FILE_CLOSED","file":"/src/main/java/me/alex/coinsapi/implementation/data/pojo/UserImpl.java","tags":{"FILE_LINE_OF_CODE":"59"}}
{"ts":1685880208269,"action":"FILE_OPENED","file":"/src/main/java/me/alex/coinsapi/api/CoinUser.java","tags":{"FILE_LINE_OF_CODE":"21"}}
{"ts":1685880214648,"action":"FILE_CLOSED","file":"/src/main/java/me/alex/coinsapi/api/CoinUser.java","tags":{"FILE_LINE_OF_CODE":"21"}}
{"ts":1685880214648,"action":"FILE_OPENED","file":"/src/main/java/me/alex/coinsapi/implementation/data/pojo/UserImpl.java","tags":{"FILE_LINE_OF_CODE":"59"}}
{"ts":1685880408757,"action":"IDE_DEACTIVATED"}
{"ts":1685880431774,"action":"IDE_ACTIVATED"}
{"ts":1685880478936,"action":"FILE_CLOSED","file":"/src/main/java/me/alex/coinsapi/implementation/data/pojo/UserImpl.java","tags":{"FILE_LINE_OF_CODE":"60"}}
{"ts":1685880478936,"action":"FILE_OPENED","file":"/src/main/java/me/alex/coinsapi/implementation/event/PlayerLoginEvent.java","tags":{"FILE_LINE_OF_CODE":"72"}}
{"ts":1685880487830,"action":"FILE_CLOSED","file":"/src/main/java/me/alex/coinsapi/implementation/event/PlayerLoginEvent.java","tags":{"FILE_LINE_OF_CODE":"72"}}
{"ts":1685880487830,"action":"FILE_OPENED","file":"/src/main/java/me/alex/coinsapi/implementation/utils/BsonUtils.java","tags":{"FILE_LINE_OF_CODE":"40"}}
{"ts":1685880574712,"action":"IDE_DEACTIVATED"}
{"ts":1685880575846,"action":"IDE_ACTIVATED"}
{"ts":1685880795097,"action":"IDE_DEACTIVATED"}
{"ts":1685880796625,"action":"IDE_ACTIVATED"}
{"ts":1685880802213,"action":"FILE_CLOSED","file":"/src/main/java/me/alex/coinsapi/implementation/utils/BsonUtils.java","tags":{"FILE_LINE_OF_CODE":"42"}}
{"ts":1685880802213,"action":"FILE_OPENED","file":"/src/main/java/me/alex/coinsapi/implementation/CoinsAPI.java","tags":{"FILE_LINE_OF_CODE":"80"}}
{"ts":1685880857551,"action":"FILE_CLOSED","file":"/src/main/java/me/alex/coinsapi/implementation/CoinsAPI.java","tags":{"FILE_LINE_OF_CODE":"80"}}
{"ts":1685880857551,"action":"FILE_OPENED","file":"/src/main/java/me/alex/coinsapi/implementation/data/pojo/UserImpl.java","tags":{"FILE_LINE_OF_CODE":"60"}}
{"ts":1685880860797,"action":"FILE_CLOSED","file":"/src/main/java/me/alex/coinsapi/implementation/data/pojo/UserImpl.java","tags":{"FILE_LINE_OF_CODE":"60"}}
{"ts":1685880860797,"action":"FILE_OPENED","file":"/src/main/java/me/alex/coinsapi/implementation/data/configuration/DefaultConfiguration.java","tags":{"FILE_LINE_OF_CODE":"69"}}
{"ts":1685880875395,"action":"IDE_DEACTIVATED"}
{"ts":1685880876173,"action":"IDE_ACTIVATED"}
{"ts":1685880876990,"action":"IDE_DEACTIVATED"}
{"ts":1685880877452,"action":"IDE_ACTIVATED"}
{"ts":1685880890444,"action":"IDE_DEACTIVATED"}
{"ts":1685880891608,"action":"IDE_ACTIVATED"}
{"ts":1685880915889,"action":"IDE_DEACTIVATED"}
{"ts":1685880932643,"action":"IDE_ACTIVATED"}
{"ts":1685880944450,"action":"IDE_DEACTIVATED"}
{"ts":1685880949964,"action":"IDE_ACTIVATED"}
{"ts":1685880950446,"action":"IDE_DEACTIVATED"}
{"ts":1685880954209,"action":"IDE_ACTIVATED"}
{"ts":1685880955584,"action":"IDE_DEACTIVATED"}
{"ts":1685881021085,"action":"IDE_ACTIVATED"}
{"ts":1685881073298,"action":"IDE_DEACTIVATED"}
{"ts":1685881075929,"action":"IDE_ACTIVATED"}
{"ts":1685881101042,"action":"FILE_CLOSED","file":"/src/main/java/me/alex/coinsapi/implementation/data/configuration/DefaultConfiguration.java","tags":{"FILE_LINE_OF_CODE":"68"}}
{"ts":1685881101042,"action":"FILE_OPENED","file":"/src/main/java/me/alex/coinsapi/implementation/CoinsAPI.java","tags":{"FILE_LINE_OF_CODE":"80"}}
{"ts":1685881141624,"action":"IDE_DEACTIVATED"}
{"ts":1685881145718,"action":"IDE_ACTIVATED"}
{"ts":1685881193706,"action":"IDE_DEACTIVATED"}
{"ts":1685881195319,"action":"IDE_ACTIVATED"}
{"ts":1685881231558,"action":"IDE_DEACTIVATED"}
{"ts":1685881688703,"action":"IDE_ACTIVATED"}
{"ts":1685881709219,"action":"IDE_DEACTIVATED"}
{"ts":1685881766685,"action":"IDE_ACTIVATED"}
{"ts":1685881788902,"action":"IDE_DEACTIVATED"}
{"ts":1685881895231,"action":"IDE_ACTIVATED"}
{"ts":1685881895951,"action":"IDE_DEACTIVATED"}
{"ts":1685881897114,"action":"IDE_ACTIVATED"}
{"ts":1685881917724,"action":"IDE_DEACTIVATED"}
{"ts":1685882235175,"action":"IDE_ACTIVATED"}
{"ts":1685882237552,"action":"IDE_DEACTIVATED"}
{"ts":1685883045564,"action":"IDE_ACTIVATED"}
{"ts":1685883077152,"action":"IDE_DEACTIVATED"}
{"ts":1685884853295,"action":"IDE_ACTIVATED"}
{"ts":1685885598487,"action":"IDE_DEACTIVATED"}
{"ts":1685895832964,"action":"IDE_ACTIVATED"}
{"ts":1685895906195,"action":"IDE_DEACTIVATED"}
{"ts":1685895919432,"action":"IDE_ACTIVATED"}
{"ts":1685895939749,"action":"IDE_DEACTIVATED"}
{"ts":1685895950459,"action":"IDE_ACTIVATED"}
{"ts":1685895958071,"action":"IDE_DEACTIVATED"}
{"ts":1685895985209,"action":"IDE_ACTIVATED"}
{"ts":1685896747920,"action":"IDE_DEACTIVATED"}
{"ts":1685896763725,"action":"IDE_ACTIVATED"}
{"ts":1685896797472,"action":"IDE_DEACTIVATED"}
{"ts":1685896811364,"action":"IDE_ACTIVATED"}
{"ts":1685896859573,"action":"IDE_DEACTIVATED"}
{"ts":1685896868458,"action":"IDE_ACTIVATED"}
{"ts":1685896928345,"action":"IDE_DEACTIVATED"}
{"ts":1685902599053,"action":"IDE_ACTIVATED"}
{"ts":1685902657733,"action":"IDE_DEACTIVATED"}
{"ts":1685902670341,"action":"IDE_ACTIVATED"}
{"ts":1685902692439,"action":"IDE_DEACTIVATED"}
{"ts":1685902813832,"action":"IDE_ACTIVATED"}
{"ts":1685902850303,"action":"IDE_DEACTIVATED"}
{"ts":1685906921890,"action":"IDE_ACTIVATED"}
{"ts":1685906931916,"action":"IDE_DEACTIVATED"}
{"ts":1685906978912,"action":"IDE_ACTIVATED"}
{"ts":1685906979070,"action":"IDE_DEACTIVATED"}
{"ts":1685906983514,"action":"IDE_ACTIVATED"}
{"ts":1685906983608,"action":"IDE_DEACTIVATED"}
{"ts":1685906984591,"action":"IDE_ACTIVATED"}
{"ts":1685906984689,"action":"IDE_DEACTIVATED"}
{"ts":1685907449408,"action":"IDE_ACTIVATED"}
{"ts":1685907479437,"action":"IDE_DEACTIVATED"}
{"ts":1685907549442,"action":"IDE_ACTIVATED"}
